proguard/mapping.txt
org.sketcher.AboutDialog -> org.sketcher.m:
org.sketcher.AboutDialog$1 -> org.sketcher.d:
    org.sketcher.AboutDialog this$0 -> a
    23:26:void onClick(android.view.View) -> onClick
org.sketcher.AboutDialog$2 -> org.sketcher.c:
    org.sketcher.AboutDialog this$0 -> a
    33:34:void onClick(android.view.View) -> onClick
org.sketcher.Controller -> org.sketcher.k:
    org.sketcher.Style style -> a
    android.graphics.Canvas mCanvas -> b
    boolean toDraw -> c
    android.graphics.Paint mColor -> d
    22:25:void draw() -> a
    28:31:void setStyle(org.sketcher.Style) -> a
    35:44:boolean onTouch(android.view.View,android.view.MotionEvent) -> onTouch
    48:51:void clear() -> b
    54:56:void setPaintColor(android.graphics.Paint) -> a
    59:59:android.graphics.Paint getPaintColor() -> c
org.sketcher.FileHelper -> org.sketcher.a:
    org.sketcher.Sketcher context -> b
    boolean isSaved -> a
    29:35:java.io.File getSDDir() -> e
    39:55:android.graphics.Bitmap getSavedBitmap() -> a
    96:102:boolean isStorageAvailable() -> f
    106:125:void share() -> b
    128:133:void saveToSD() -> c
    136:139:java.io.File saveBitmap() -> d
    21:21:org.sketcher.Sketcher access$0(org.sketcher.FileHelper) -> a
org.sketcher.FileHelper$1 -> org.sketcher.l:
    org.sketcher.FileHelper this$0 -> a
    112:123:void onPostExecute(java.io.File) -> a
org.sketcher.FileHelper$SaveTask -> org.sketcher.i:
    android.app.ProgressDialog dialog -> a
    org.sketcher.FileHelper this$0 -> b
    158:171:void onPostExecute(java.io.File) -> a
    1:1:void onPostExecute(java.lang.Object) -> onPostExecute
    1:1:java.lang.Object doInBackground(java.lang.Object[]) -> doInBackground
org.sketcher.HistoryHelper -> org.sketcher.g:
    org.sketcher.Surface mSurface -> a
    org.sketcher.HistoryHelper$State mUndoState -> b
    org.sketcher.HistoryHelper$State mRedoState -> c
    boolean isSwaped -> d
    24:29:void undo() -> a
    38:40:void saveState() -> b
org.sketcher.HistoryHelper$State -> org.sketcher.j:
    byte[] mBuffer -> a
    java.util.HashMap stylesState -> b
org.sketcher.Sketcher -> org.sketcher.Sketcher:
    org.sketcher.Surface surface -> a
    org.sketcher.FileHelper fileHelper -> b
    36:66:void onCreate(android.os.Bundle) -> onCreate
    70:83:void onPause() -> onPause
    87:90:void onResume() -> onResume
    94:124:boolean onCreateOptionsMenu(android.view.Menu) -> onCreateOptionsMenu
    129:160:boolean onOptionsItemSelected(android.view.MenuItem) -> onOptionsItemSelected
    165:167:void showAboutDialog() -> b
    170:170:org.sketcher.Surface getSurface() -> a
    32:32:org.sketcher.FileHelper access$0(org.sketcher.Sketcher) -> a
org.sketcher.Sketcher$1 -> org.sketcher.f:
    org.sketcher.Sketcher this$0 -> a
    80:81:void run() -> run
org.sketcher.Sketcher$2 -> org.sketcher.e:
    org.sketcher.Sketcher this$0 -> a
    151:152:void colorChanged(android.graphics.Paint) -> a
org.sketcher.SketcherApplication -> org.sketcher.SketcherApplication:
    12:14:void onCreate() -> onCreate
org.sketcher.Style -> org.sketcher.h:
    void strokeStart(float,float) -> a
    void stroke(android.graphics.Canvas,float,float) -> a
    void draw(android.graphics.Canvas) -> a
    void setColor(int) -> a
    void saveState(java.util.HashMap) -> b
    void restoreState(java.util.HashMap) -> a
...
org.acra.DumpSysCollector -> org.acra.t:
    40:60:java.lang.String collectMemInfo() -> a
org.acra.ErrorReporter -> org.acra.ErrorReporter:
    boolean enabled -> a
    java.util.ArrayList mReportSenders -> b
    org.acra.CrashReportData mCrashProperties -> c
    java.util.Map mCustomParameters -> d
    java.lang.String SILENT_SUFFIX -> e
    java.lang.Thread$UncaughtExceptionHandler mDfltExceptionHandler -> f
    org.acra.ErrorReporter mInstanceSingleton -> g
    android.content.Context mContext -> h
    java.lang.String mInitialConfiguration -> i
    org.acra.ReportingInteractionMode mReportingInteractionMode -> j
    245:256:void approvePendingReports() -> a
    266:267:void addCustomData(java.lang.String,java.lang.String) -> addCustomData
    324:331:java.lang.String createCustomInfoString() -> g
    340:343:org.acra.ErrorReporter getInstance() -> b
    357:365:void init(android.content.Context) -> a
    614:664:void uncaughtException(java.lang.Thread,java.lang.Throwable) -> uncaughtException
    681:761:org.acra.ErrorReporter$ReportsSenderWorker handleException(java.lang.Throwable,org.acra.ReportingInteractionMode) -> a
    807:833:void notifySendReport(java.lang.String) -> a
    847:863:void sendCrashReport$5e3fe510(org.acra.CrashReportData) -> a
    878:899:java.lang.String saveCrashReportFile(java.lang.String,org.acra.CrashReportData) -> a
    908:928:java.lang.String[] getCrashReportFilesList() -> h
    942:977:void checkAndSendReports(android.content.Context,boolean) -> a
org.acra.ErrorReporter$1 -> org.acra.l:
    org.acra.ErrorReporter this$0 -> a
    714:717:void run() -> run
org.acra.ErrorReporter$2 -> org.acra.m:
    org.acra.ErrorReporter this$0 -> a
    920:920:boolean accept(java.io.File,java.lang.String) -> accept
org.acra.ErrorReporter$ReportsSenderWorker -> org.acra.b:
    java.lang.String mCommentedReportFileName -> a
    java.lang.String mUserComment -> b
    java.lang.String mUserEmail -> c
    boolean mSendOnlySilentReports -> d
    boolean mApprovePendingReports -> e
    org.acra.ErrorReporter this$0 -> f
    135:148:void run() -> run
    175:177:void setUserComment(java.lang.String,java.lang.String) -> a
    188:190:void setUserEmail(java.lang.String,java.lang.String) -> b
    196:197:void setApprovePendingReports() -> a
org.acra.LogCatCollector -> org.acra.h:
    59:97:java.lang.String collectLogCat(java.lang.String) -> a
org.acra.ReflectionCollector -> org.acra.e:
    39:54:java.lang.String collectConstants(java.lang.Class) -> a
    63:82:java.lang.String collectStaticGettersResults(java.lang.Class) -> b